0 info it worked if it ends with ok
1 verbose cli [ '/usr/local/bin/node',
1 verbose cli   '/usr/local/bin/npm',
1 verbose cli   'install',
1 verbose cli   'hubot',
1 verbose cli   'hubot-scripts',
1 verbose cli   'hubot-diagnostics',
1 verbose cli   'hubot-help',
1 verbose cli   'hubot-heroku-keepalive',
1 verbose cli   'hubot-google-images',
1 verbose cli   'hubot-google-translate',
1 verbose cli   'hubot-pugme',
1 verbose cli   'hubot-maps',
1 verbose cli   'hubot-redis-brain',
1 verbose cli   'hubot-rules',
1 verbose cli   'hubot-shipit',
1 verbose cli   'hubot-slack',
1 verbose cli   '--save' ]
2 info using npm@3.10.8
3 info using node@v7.0.0
4 silly loadCurrentTree Starting
5 silly install loadCurrentTree
6 silly install readLocalPackageData
7 silly fetchPackageMetaData hubot
8 silly fetchPackageMetaData hubot-scripts
9 silly fetchPackageMetaData hubot-diagnostics
10 silly fetchPackageMetaData hubot-help
11 silly fetchPackageMetaData hubot-heroku-keepalive
12 silly fetchPackageMetaData hubot-google-images
13 silly fetchPackageMetaData hubot-google-translate
14 silly fetchPackageMetaData hubot-pugme
15 silly fetchPackageMetaData hubot-maps
16 silly fetchPackageMetaData hubot-redis-brain
17 silly fetchPackageMetaData hubot-rules
18 silly fetchPackageMetaData hubot-shipit
19 silly fetchPackageMetaData hubot-slack
20 silly fetchNamedPackageData hubot
21 silly mapToRegistry name hubot
22 silly mapToRegistry using default registry
23 silly mapToRegistry registry https://registry.npmjs.org/
24 silly mapToRegistry data Result {
24 silly mapToRegistry   raw: 'hubot',
24 silly mapToRegistry   scope: null,
24 silly mapToRegistry   escapedName: 'hubot',
24 silly mapToRegistry   name: 'hubot',
24 silly mapToRegistry   rawSpec: '',
24 silly mapToRegistry   spec: 'latest',
24 silly mapToRegistry   type: 'tag' }
25 silly mapToRegistry uri https://registry.npmjs.org/hubot
26 silly fetchNamedPackageData hubot-scripts
27 silly mapToRegistry name hubot-scripts
28 silly mapToRegistry using default registry
29 silly mapToRegistry registry https://registry.npmjs.org/
30 silly mapToRegistry data Result {
30 silly mapToRegistry   raw: 'hubot-scripts',
30 silly mapToRegistry   scope: null,
30 silly mapToRegistry   escapedName: 'hubot-scripts',
30 silly mapToRegistry   name: 'hubot-scripts',
30 silly mapToRegistry   rawSpec: '',
30 silly mapToRegistry   spec: 'latest',
30 silly mapToRegistry   type: 'tag' }
31 silly mapToRegistry uri https://registry.npmjs.org/hubot-scripts
32 silly fetchNamedPackageData hubot-diagnostics
33 silly mapToRegistry name hubot-diagnostics
34 silly mapToRegistry using default registry
35 silly mapToRegistry registry https://registry.npmjs.org/
36 silly mapToRegistry data Result {
36 silly mapToRegistry   raw: 'hubot-diagnostics',
36 silly mapToRegistry   scope: null,
36 silly mapToRegistry   escapedName: 'hubot-diagnostics',
36 silly mapToRegistry   name: 'hubot-diagnostics',
36 silly mapToRegistry   rawSpec: '',
36 silly mapToRegistry   spec: 'latest',
36 silly mapToRegistry   type: 'tag' }
37 silly mapToRegistry uri https://registry.npmjs.org/hubot-diagnostics
38 silly fetchNamedPackageData hubot-help
39 silly mapToRegistry name hubot-help
40 silly mapToRegistry using default registry
41 silly mapToRegistry registry https://registry.npmjs.org/
42 silly mapToRegistry data Result {
42 silly mapToRegistry   raw: 'hubot-help',
42 silly mapToRegistry   scope: null,
42 silly mapToRegistry   escapedName: 'hubot-help',
42 silly mapToRegistry   name: 'hubot-help',
42 silly mapToRegistry   rawSpec: '',
42 silly mapToRegistry   spec: 'latest',
42 silly mapToRegistry   type: 'tag' }
43 silly mapToRegistry uri https://registry.npmjs.org/hubot-help
44 silly fetchNamedPackageData hubot-heroku-keepalive
45 silly mapToRegistry name hubot-heroku-keepalive
46 silly mapToRegistry using default registry
47 silly mapToRegistry registry https://registry.npmjs.org/
48 silly mapToRegistry data Result {
48 silly mapToRegistry   raw: 'hubot-heroku-keepalive',
48 silly mapToRegistry   scope: null,
48 silly mapToRegistry   escapedName: 'hubot-heroku-keepalive',
48 silly mapToRegistry   name: 'hubot-heroku-keepalive',
48 silly mapToRegistry   rawSpec: '',
48 silly mapToRegistry   spec: 'latest',
48 silly mapToRegistry   type: 'tag' }
49 silly mapToRegistry uri https://registry.npmjs.org/hubot-heroku-keepalive
50 silly fetchNamedPackageData hubot-google-images
51 silly mapToRegistry name hubot-google-images
52 silly mapToRegistry using default registry
53 silly mapToRegistry registry https://registry.npmjs.org/
54 silly mapToRegistry data Result {
54 silly mapToRegistry   raw: 'hubot-google-images',
54 silly mapToRegistry   scope: null,
54 silly mapToRegistry   escapedName: 'hubot-google-images',
54 silly mapToRegistry   name: 'hubot-google-images',
54 silly mapToRegistry   rawSpec: '',
54 silly mapToRegistry   spec: 'latest',
54 silly mapToRegistry   type: 'tag' }
55 silly mapToRegistry uri https://registry.npmjs.org/hubot-google-images
56 silly fetchNamedPackageData hubot-google-translate
57 silly mapToRegistry name hubot-google-translate
58 silly mapToRegistry using default registry
59 silly mapToRegistry registry https://registry.npmjs.org/
60 silly mapToRegistry data Result {
60 silly mapToRegistry   raw: 'hubot-google-translate',
60 silly mapToRegistry   scope: null,
60 silly mapToRegistry   escapedName: 'hubot-google-translate',
60 silly mapToRegistry   name: 'hubot-google-translate',
60 silly mapToRegistry   rawSpec: '',
60 silly mapToRegistry   spec: 'latest',
60 silly mapToRegistry   type: 'tag' }
61 silly mapToRegistry uri https://registry.npmjs.org/hubot-google-translate
62 silly fetchNamedPackageData hubot-pugme
63 silly mapToRegistry name hubot-pugme
64 silly mapToRegistry using default registry
65 silly mapToRegistry registry https://registry.npmjs.org/
66 silly mapToRegistry data Result {
66 silly mapToRegistry   raw: 'hubot-pugme',
66 silly mapToRegistry   scope: null,
66 silly mapToRegistry   escapedName: 'hubot-pugme',
66 silly mapToRegistry   name: 'hubot-pugme',
66 silly mapToRegistry   rawSpec: '',
66 silly mapToRegistry   spec: 'latest',
66 silly mapToRegistry   type: 'tag' }
67 silly mapToRegistry uri https://registry.npmjs.org/hubot-pugme
68 silly fetchNamedPackageData hubot-maps
69 silly mapToRegistry name hubot-maps
70 silly mapToRegistry using default registry
71 silly mapToRegistry registry https://registry.npmjs.org/
72 silly mapToRegistry data Result {
72 silly mapToRegistry   raw: 'hubot-maps',
72 silly mapToRegistry   scope: null,
72 silly mapToRegistry   escapedName: 'hubot-maps',
72 silly mapToRegistry   name: 'hubot-maps',
72 silly mapToRegistry   rawSpec: '',
72 silly mapToRegistry   spec: 'latest',
72 silly mapToRegistry   type: 'tag' }
73 silly mapToRegistry uri https://registry.npmjs.org/hubot-maps
74 silly fetchNamedPackageData hubot-redis-brain
75 silly mapToRegistry name hubot-redis-brain
76 silly mapToRegistry using default registry
77 silly mapToRegistry registry https://registry.npmjs.org/
78 silly mapToRegistry data Result {
78 silly mapToRegistry   raw: 'hubot-redis-brain',
78 silly mapToRegistry   scope: null,
78 silly mapToRegistry   escapedName: 'hubot-redis-brain',
78 silly mapToRegistry   name: 'hubot-redis-brain',
78 silly mapToRegistry   rawSpec: '',
78 silly mapToRegistry   spec: 'latest',
78 silly mapToRegistry   type: 'tag' }
79 silly mapToRegistry uri https://registry.npmjs.org/hubot-redis-brain
80 silly fetchNamedPackageData hubot-rules
81 silly mapToRegistry name hubot-rules
82 silly mapToRegistry using default registry
83 silly mapToRegistry registry https://registry.npmjs.org/
84 silly mapToRegistry data Result {
84 silly mapToRegistry   raw: 'hubot-rules',
84 silly mapToRegistry   scope: null,
84 silly mapToRegistry   escapedName: 'hubot-rules',
84 silly mapToRegistry   name: 'hubot-rules',
84 silly mapToRegistry   rawSpec: '',
84 silly mapToRegistry   spec: 'latest',
84 silly mapToRegistry   type: 'tag' }
85 silly mapToRegistry uri https://registry.npmjs.org/hubot-rules
86 silly fetchNamedPackageData hubot-shipit
87 silly mapToRegistry name hubot-shipit
88 silly mapToRegistry using default registry
89 silly mapToRegistry registry https://registry.npmjs.org/
90 silly mapToRegistry data Result {
90 silly mapToRegistry   raw: 'hubot-shipit',
90 silly mapToRegistry   scope: null,
90 silly mapToRegistry   escapedName: 'hubot-shipit',
90 silly mapToRegistry   name: 'hubot-shipit',
90 silly mapToRegistry   rawSpec: '',
90 silly mapToRegistry   spec: 'latest',
90 silly mapToRegistry   type: 'tag' }
91 silly mapToRegistry uri https://registry.npmjs.org/hubot-shipit
92 silly fetchNamedPackageData hubot-slack
93 silly mapToRegistry name hubot-slack
94 silly mapToRegistry using default registry
95 silly mapToRegistry registry https://registry.npmjs.org/
96 silly mapToRegistry data Result {
96 silly mapToRegistry   raw: 'hubot-slack',
96 silly mapToRegistry   scope: null,
96 silly mapToRegistry   escapedName: 'hubot-slack',
96 silly mapToRegistry   name: 'hubot-slack',
96 silly mapToRegistry   rawSpec: '',
96 silly mapToRegistry   spec: 'latest',
96 silly mapToRegistry   type: 'tag' }
97 silly mapToRegistry uri https://registry.npmjs.org/hubot-slack
98 verbose request uri https://registry.npmjs.org/hubot
99 verbose request no auth needed
100 info attempt registry request try #1 at 5:29:46 PM
101 verbose request id b2f9c822c082fc0a
102 verbose etag W/"5819b505-18339"
103 verbose lastModified Wed, 02 Nov 2016 09:42:29 GMT
104 http request GET https://registry.npmjs.org/hubot
105 verbose request uri https://registry.npmjs.org/hubot-diagnostics
106 verbose request no auth needed
107 info attempt registry request try #1 at 5:29:47 PM
108 verbose etag W/"57f11eff-a2b"
109 verbose lastModified Sun, 02 Oct 2016 14:51:43 GMT
110 http request GET https://registry.npmjs.org/hubot-diagnostics
111 verbose request uri https://registry.npmjs.org/hubot-scripts
112 verbose request no auth needed
113 info attempt registry request try #1 at 5:29:47 PM
114 verbose etag W/"5739e625-106f6"
115 verbose lastModified Mon, 16 May 2016 15:24:21 GMT
116 http request GET https://registry.npmjs.org/hubot-scripts
117 verbose request uri https://registry.npmjs.org/hubot-pugme
118 verbose request no auth needed
119 info attempt registry request try #1 at 5:29:47 PM
120 verbose etag W/"5571e8e0-b25"
121 verbose lastModified Fri, 05 Jun 2015 18:22:24 GMT
122 http request GET https://registry.npmjs.org/hubot-pugme
123 verbose request uri https://registry.npmjs.org/hubot-heroku-keepalive
124 verbose request no auth needed
125 info attempt registry request try #1 at 5:29:47 PM
126 verbose etag W/"5690be1f-38df"
127 verbose lastModified Sat, 09 Jan 2016 08:00:31 GMT
128 http request GET https://registry.npmjs.org/hubot-heroku-keepalive
129 verbose request uri https://registry.npmjs.org/hubot-google-translate
130 verbose request no auth needed
131 info attempt registry request try #1 at 5:29:47 PM
132 verbose etag W/"5571e8c4-117e"
133 verbose lastModified Fri, 05 Jun 2015 18:21:56 GMT
134 http request GET https://registry.npmjs.org/hubot-google-translate
135 verbose request uri https://registry.npmjs.org/hubot-maps
136 verbose request no auth needed
137 info attempt registry request try #1 at 5:29:47 PM
138 verbose etag W/"55144ec9-1089"
139 verbose lastModified Thu, 26 Mar 2015 18:24:09 GMT
140 http request GET https://registry.npmjs.org/hubot-maps
141 verbose request uri https://registry.npmjs.org/hubot-redis-brain
142 verbose request no auth needed
143 info attempt registry request try #1 at 5:29:47 PM
144 verbose etag W/"55724ea9-15a2"
145 verbose lastModified Sat, 06 Jun 2015 01:36:41 GMT
146 http request GET https://registry.npmjs.org/hubot-redis-brain
147 verbose request uri https://registry.npmjs.org/hubot-shipit
148 verbose request no auth needed
149 info attempt registry request try #1 at 5:29:47 PM
150 verbose etag W/"5571e8f9-18fb"
151 verbose lastModified Fri, 05 Jun 2015 18:22:49 GMT
152 http request GET https://registry.npmjs.org/hubot-shipit
153 verbose request uri https://registry.npmjs.org/hubot-slack
154 verbose request no auth needed
155 info attempt registry request try #1 at 5:29:47 PM
156 verbose etag W/"58742f4b-1076c"
157 verbose lastModified Tue, 10 Jan 2017 00:48:11 GMT
158 http request GET https://registry.npmjs.org/hubot-slack
159 verbose request uri https://registry.npmjs.org/hubot-help
160 verbose request no auth needed
161 info attempt registry request try #1 at 5:29:47 PM
162 verbose etag W/"572b9de6-1bf4"
163 verbose lastModified Thu, 05 May 2016 19:24:22 GMT
164 http request GET https://registry.npmjs.org/hubot-help
165 verbose request uri https://registry.npmjs.org/hubot-google-images
166 verbose request no auth needed
167 info attempt registry request try #1 at 5:29:47 PM
168 verbose etag W/"5664f096-56b1"
169 verbose lastModified Mon, 07 Dec 2015 02:36:06 GMT
170 http request GET https://registry.npmjs.org/hubot-google-images
171 verbose request uri https://registry.npmjs.org/hubot-rules
172 verbose request no auth needed
173 info attempt registry request try #1 at 5:29:47 PM
174 verbose etag W/"55725f4b-10b9"
175 verbose lastModified Sat, 06 Jun 2015 02:47:39 GMT
176 http request GET https://registry.npmjs.org/hubot-rules
177 http 304 https://registry.npmjs.org/hubot
178 verbose headers { date: 'Tue, 31 Jan 2017 16:29:47 GMT',
178 verbose headers   via: '1.1 varnish',
178 verbose headers   'cache-control': 'max-age=300',
178 verbose headers   etag: 'W/"5819b505-18339"',
178 verbose headers   age: '116',
178 verbose headers   connection: 'keep-alive',
178 verbose headers   'x-served-by': 'cache-bma7029-BMA',
178 verbose headers   'x-cache': 'HIT',
178 verbose headers   'x-cache-hits': '1',
178 verbose headers   'x-timer': 'S1485880187.810241,VS0,VE0',
178 verbose headers   vary: 'Accept-Encoding' }
179 silly get cb [ 304,
179 silly get   { date: 'Tue, 31 Jan 2017 16:29:47 GMT',
179 silly get     via: '1.1 varnish',
179 silly get     'cache-control': 'max-age=300',
179 silly get     etag: 'W/"5819b505-18339"',
179 silly get     age: '116',
179 silly get     connection: 'keep-alive',
179 silly get     'x-served-by': 'cache-bma7029-BMA',
179 silly get     'x-cache': 'HIT',
179 silly get     'x-cache-hits': '1',
179 silly get     'x-timer': 'S1485880187.810241,VS0,VE0',
179 silly get     vary: 'Accept-Encoding' } ]
180 verbose etag https://registry.npmjs.org/hubot from cache
181 verbose get saving hubot to /Users/alexander/.npm/registry.npmjs.org/hubot/.cache.json
182 verbose correctMkdir /Users/alexander/.npm correctMkdir not in flight; initializing
183 http 304 https://registry.npmjs.org/hubot-diagnostics
184 verbose headers { date: 'Tue, 31 Jan 2017 16:29:47 GMT',
184 verbose headers   via: '1.1 varnish',
184 verbose headers   'cache-control': 'max-age=300',
184 verbose headers   etag: 'W/"57f11eff-a2b"',
184 verbose headers   age: '116',
184 verbose headers   connection: 'keep-alive',
184 verbose headers   'x-served-by': 'cache-bma7033-BMA',
184 verbose headers   'x-cache': 'HIT',
184 verbose headers   'x-cache-hits': '1',
184 verbose headers   'x-timer': 'S1485880187.813420,VS0,VE0',
184 verbose headers   vary: 'Accept-Encoding' }
185 silly get cb [ 304,
185 silly get   { date: 'Tue, 31 Jan 2017 16:29:47 GMT',
185 silly get     via: '1.1 varnish',
185 silly get     'cache-control': 'max-age=300',
185 silly get     etag: 'W/"57f11eff-a2b"',
185 silly get     age: '116',
185 silly get     connection: 'keep-alive',
185 silly get     'x-served-by': 'cache-bma7033-BMA',
185 silly get     'x-cache': 'HIT',
185 silly get     'x-cache-hits': '1',
185 silly get     'x-timer': 'S1485880187.813420,VS0,VE0',
185 silly get     vary: 'Accept-Encoding' } ]
186 verbose etag https://registry.npmjs.org/hubot-diagnostics from cache
187 verbose get saving hubot-diagnostics to /Users/alexander/.npm/registry.npmjs.org/hubot-diagnostics/.cache.json
188 verbose correctMkdir /Users/alexander/.npm correctMkdir already in flight; waiting
189 http 304 https://registry.npmjs.org/hubot-scripts
190 verbose headers { date: 'Tue, 31 Jan 2017 16:29:47 GMT',
190 verbose headers   via: '1.1 varnish',
190 verbose headers   'cache-control': 'max-age=300',
190 verbose headers   etag: 'W/"5739e625-106f6"',
190 verbose headers   age: '118',
190 verbose headers   connection: 'keep-alive',
190 verbose headers   'x-served-by': 'cache-bma7027-BMA',
190 verbose headers   'x-cache': 'HIT',
190 verbose headers   'x-cache-hits': '1',
190 verbose headers   'x-timer': 'S1485880187.813958,VS0,VE0',
190 verbose headers   vary: 'Accept-Encoding' }
191 silly get cb [ 304,
191 silly get   { date: 'Tue, 31 Jan 2017 16:29:47 GMT',
191 silly get     via: '1.1 varnish',
191 silly get     'cache-control': 'max-age=300',
191 silly get     etag: 'W/"5739e625-106f6"',
191 silly get     age: '118',
191 silly get     connection: 'keep-alive',
191 silly get     'x-served-by': 'cache-bma7027-BMA',
191 silly get     'x-cache': 'HIT',
191 silly get     'x-cache-hits': '1',
191 silly get     'x-timer': 'S1485880187.813958,VS0,VE0',
191 silly get     vary: 'Accept-Encoding' } ]
192 verbose etag https://registry.npmjs.org/hubot-scripts from cache
193 verbose get saving hubot-scripts to /Users/alexander/.npm/registry.npmjs.org/hubot-scripts/.cache.json
194 verbose correctMkdir /Users/alexander/.npm correctMkdir already in flight; waiting
195 http 304 https://registry.npmjs.org/hubot-google-translate
196 verbose headers { date: 'Tue, 31 Jan 2017 16:29:47 GMT',
196 verbose headers   via: '1.1 varnish',
196 verbose headers   'cache-control': 'max-age=300',
196 verbose headers   etag: 'W/"5571e8c4-117e"',
196 verbose headers   age: '116',
196 verbose headers   connection: 'keep-alive',
196 verbose headers   'x-served-by': 'cache-bma7032-BMA',
196 verbose headers   'x-cache': 'HIT',
196 verbose headers   'x-cache-hits': '1',
196 verbose headers   'x-timer': 'S1485880187.814455,VS0,VE0',
196 verbose headers   vary: 'Accept-Encoding' }
197 silly get cb [ 304,
197 silly get   { date: 'Tue, 31 Jan 2017 16:29:47 GMT',
197 silly get     via: '1.1 varnish',
197 silly get     'cache-control': 'max-age=300',
197 silly get     etag: 'W/"5571e8c4-117e"',
197 silly get     age: '116',
197 silly get     connection: 'keep-alive',
197 silly get     'x-served-by': 'cache-bma7032-BMA',
197 silly get     'x-cache': 'HIT',
197 silly get     'x-cache-hits': '1',
197 silly get     'x-timer': 'S1485880187.814455,VS0,VE0',
197 silly get     vary: 'Accept-Encoding' } ]
198 verbose etag https://registry.npmjs.org/hubot-google-translate from cache
199 verbose get saving hubot-google-translate to /Users/alexander/.npm/registry.npmjs.org/hubot-google-translate/.cache.json
200 verbose correctMkdir /Users/alexander/.npm correctMkdir already in flight; waiting
201 http 304 https://registry.npmjs.org/hubot-heroku-keepalive
202 verbose headers { date: 'Tue, 31 Jan 2017 16:29:47 GMT',
202 verbose headers   via: '1.1 varnish',
202 verbose headers   'cache-control': 'max-age=300',
202 verbose headers   etag: 'W/"5690be1f-38df"',
202 verbose headers   age: '116',
202 verbose headers   connection: 'keep-alive',
202 verbose headers   'x-served-by': 'cache-bma7024-BMA',
202 verbose headers   'x-cache': 'HIT',
202 verbose headers   'x-cache-hits': '1',
202 verbose headers   'x-timer': 'S1485880187.815457,VS0,VE0',
202 verbose headers   vary: 'Accept-Encoding' }
203 silly get cb [ 304,
203 silly get   { date: 'Tue, 31 Jan 2017 16:29:47 GMT',
203 silly get     via: '1.1 varnish',
203 silly get     'cache-control': 'max-age=300',
203 silly get     etag: 'W/"5690be1f-38df"',
203 silly get     age: '116',
203 silly get     connection: 'keep-alive',
203 silly get     'x-served-by': 'cache-bma7024-BMA',
203 silly get     'x-cache': 'HIT',
203 silly get     'x-cache-hits': '1',
203 silly get     'x-timer': 'S1485880187.815457,VS0,VE0',
203 silly get     vary: 'Accept-Encoding' } ]
204 verbose etag https://registry.npmjs.org/hubot-heroku-keepalive from cache
205 verbose get saving hubot-heroku-keepalive to /Users/alexander/.npm/registry.npmjs.org/hubot-heroku-keepalive/.cache.json
206 verbose correctMkdir /Users/alexander/.npm correctMkdir already in flight; waiting
207 http 304 https://registry.npmjs.org/hubot-maps
208 verbose headers { date: 'Tue, 31 Jan 2017 16:29:47 GMT',
208 verbose headers   via: '1.1 varnish',
208 verbose headers   'cache-control': 'max-age=300',
208 verbose headers   etag: 'W/"55144ec9-1089"',
208 verbose headers   age: '116',
208 verbose headers   connection: 'keep-alive',
208 verbose headers   'x-served-by': 'cache-bma7035-BMA',
208 verbose headers   'x-cache': 'HIT',
208 verbose headers   'x-cache-hits': '1',
208 verbose headers   'x-timer': 'S1485880187.817238,VS0,VE0',
208 verbose headers   vary: 'Accept-Encoding' }
209 silly get cb [ 304,
209 silly get   { date: 'Tue, 31 Jan 2017 16:29:47 GMT',
209 silly get     via: '1.1 varnish',
209 silly get     'cache-control': 'max-age=300',
209 silly get     etag: 'W/"55144ec9-1089"',
209 silly get     age: '116',
209 silly get     connection: 'keep-alive',
209 silly get     'x-served-by': 'cache-bma7035-BMA',
209 silly get     'x-cache': 'HIT',
209 silly get     'x-cache-hits': '1',
209 silly get     'x-timer': 'S1485880187.817238,VS0,VE0',
209 silly get     vary: 'Accept-Encoding' } ]
210 verbose etag https://registry.npmjs.org/hubot-maps from cache
211 verbose get saving hubot-maps to /Users/alexander/.npm/registry.npmjs.org/hubot-maps/.cache.json
212 verbose correctMkdir /Users/alexander/.npm correctMkdir not in flight; initializing
213 http 304 https://registry.npmjs.org/hubot-slack
214 verbose headers { date: 'Tue, 31 Jan 2017 16:29:47 GMT',
214 verbose headers   via: '1.1 varnish',
214 verbose headers   'cache-control': 'max-age=300',
214 verbose headers   etag: 'W/"58742f4b-1076c"',
214 verbose headers   age: '122',
214 verbose headers   connection: 'keep-alive',
214 verbose headers   'x-served-by': 'cache-bma7031-BMA',
214 verbose headers   'x-cache': 'HIT',
214 verbose headers   'x-cache-hits': '2',
214 verbose headers   'x-timer': 'S1485880187.818091,VS0,VE0',
214 verbose headers   vary: 'Accept-Encoding' }
215 silly get cb [ 304,
215 silly get   { date: 'Tue, 31 Jan 2017 16:29:47 GMT',
215 silly get     via: '1.1 varnish',
215 silly get     'cache-control': 'max-age=300',
215 silly get     etag: 'W/"58742f4b-1076c"',
215 silly get     age: '122',
215 silly get     connection: 'keep-alive',
215 silly get     'x-served-by': 'cache-bma7031-BMA',
215 silly get     'x-cache': 'HIT',
215 silly get     'x-cache-hits': '2',
215 silly get     'x-timer': 'S1485880187.818091,VS0,VE0',
215 silly get     vary: 'Accept-Encoding' } ]
216 verbose etag https://registry.npmjs.org/hubot-slack from cache
217 verbose get saving hubot-slack to /Users/alexander/.npm/registry.npmjs.org/hubot-slack/.cache.json
218 verbose correctMkdir /Users/alexander/.npm correctMkdir not in flight; initializing
219 http 304 https://registry.npmjs.org/hubot-help
220 verbose headers { date: 'Tue, 31 Jan 2017 16:29:47 GMT',
220 verbose headers   via: '1.1 varnish',
220 verbose headers   'cache-control': 'max-age=300',
220 verbose headers   etag: 'W/"572b9de6-1bf4"',
220 verbose headers   age: '116',
220 verbose headers   connection: 'keep-alive',
220 verbose headers   'x-served-by': 'cache-bma7032-BMA',
220 verbose headers   'x-cache': 'HIT',
220 verbose headers   'x-cache-hits': '2',
220 verbose headers   'x-timer': 'S1485880187.819638,VS0,VE0',
220 verbose headers   vary: 'Accept-Encoding' }
221 silly get cb [ 304,
221 silly get   { date: 'Tue, 31 Jan 2017 16:29:47 GMT',
221 silly get     via: '1.1 varnish',
221 silly get     'cache-control': 'max-age=300',
221 silly get     etag: 'W/"572b9de6-1bf4"',
221 silly get     age: '116',
221 silly get     connection: 'keep-alive',
221 silly get     'x-served-by': 'cache-bma7032-BMA',
221 silly get     'x-cache': 'HIT',
221 silly get     'x-cache-hits': '2',
221 silly get     'x-timer': 'S1485880187.819638,VS0,VE0',
221 silly get     vary: 'Accept-Encoding' } ]
222 verbose etag https://registry.npmjs.org/hubot-help from cache
223 verbose get saving hubot-help to /Users/alexander/.npm/registry.npmjs.org/hubot-help/.cache.json
224 verbose correctMkdir /Users/alexander/.npm correctMkdir not in flight; initializing
225 http 304 https://registry.npmjs.org/hubot-pugme
226 verbose headers { date: 'Tue, 31 Jan 2017 16:29:47 GMT',
226 verbose headers   via: '1.1 varnish',
226 verbose headers   'cache-control': 'max-age=300',
226 verbose headers   etag: 'W/"5571e8e0-b25"',
226 verbose headers   age: '116',
226 verbose headers   connection: 'keep-alive',
226 verbose headers   'x-served-by': 'cache-bma7030-BMA',
226 verbose headers   'x-cache': 'HIT',
226 verbose headers   'x-cache-hits': '1',
226 verbose headers   'x-timer': 'S1485880187.814692,VS0,VE7',
226 verbose headers   vary: 'Accept-Encoding' }
227 silly get cb [ 304,
227 silly get   { date: 'Tue, 31 Jan 2017 16:29:47 GMT',
227 silly get     via: '1.1 varnish',
227 silly get     'cache-control': 'max-age=300',
227 silly get     etag: 'W/"5571e8e0-b25"',
227 silly get     age: '116',
227 silly get     connection: 'keep-alive',
227 silly get     'x-served-by': 'cache-bma7030-BMA',
227 silly get     'x-cache': 'HIT',
227 silly get     'x-cache-hits': '1',
227 silly get     'x-timer': 'S1485880187.814692,VS0,VE7',
227 silly get     vary: 'Accept-Encoding' } ]
228 verbose etag https://registry.npmjs.org/hubot-pugme from cache
229 verbose get saving hubot-pugme to /Users/alexander/.npm/registry.npmjs.org/hubot-pugme/.cache.json
230 verbose correctMkdir /Users/alexander/.npm correctMkdir not in flight; initializing
231 http 304 https://registry.npmjs.org/hubot-google-images
232 verbose headers { date: 'Tue, 31 Jan 2017 16:29:47 GMT',
232 verbose headers   via: '1.1 varnish',
232 verbose headers   'cache-control': 'max-age=300',
232 verbose headers   etag: 'W/"5664f096-56b1"',
232 verbose headers   age: '116',
232 verbose headers   connection: 'keep-alive',
232 verbose headers   'x-served-by': 'cache-bma7021-BMA',
232 verbose headers   'x-cache': 'HIT',
232 verbose headers   'x-cache-hits': '2',
232 verbose headers   'x-timer': 'S1485880187.827498,VS0,VE0',
232 verbose headers   vary: 'Accept-Encoding' }
233 silly get cb [ 304,
233 silly get   { date: 'Tue, 31 Jan 2017 16:29:47 GMT',
233 silly get     via: '1.1 varnish',
233 silly get     'cache-control': 'max-age=300',
233 silly get     etag: 'W/"5664f096-56b1"',
233 silly get     age: '116',
233 silly get     connection: 'keep-alive',
233 silly get     'x-served-by': 'cache-bma7021-BMA',
233 silly get     'x-cache': 'HIT',
233 silly get     'x-cache-hits': '2',
233 silly get     'x-timer': 'S1485880187.827498,VS0,VE0',
233 silly get     vary: 'Accept-Encoding' } ]
234 verbose etag https://registry.npmjs.org/hubot-google-images from cache
235 verbose get saving hubot-google-images to /Users/alexander/.npm/registry.npmjs.org/hubot-google-images/.cache.json
236 verbose correctMkdir /Users/alexander/.npm correctMkdir not in flight; initializing
237 http 304 https://registry.npmjs.org/hubot-rules
238 verbose headers { date: 'Tue, 31 Jan 2017 16:29:47 GMT',
238 verbose headers   via: '1.1 varnish',
238 verbose headers   'cache-control': 'max-age=300',
238 verbose headers   etag: 'W/"55725f4b-10b9"',
238 verbose headers   age: '118',
238 verbose headers   connection: 'keep-alive',
238 verbose headers   'x-served-by': 'cache-bma7035-BMA',
238 verbose headers   'x-cache': 'HIT',
238 verbose headers   'x-cache-hits': '1',
238 verbose headers   'x-timer': 'S1485880187.827580,VS0,VE0',
238 verbose headers   vary: 'Accept-Encoding' }
239 silly get cb [ 304,
239 silly get   { date: 'Tue, 31 Jan 2017 16:29:47 GMT',
239 silly get     via: '1.1 varnish',
239 silly get     'cache-control': 'max-age=300',
239 silly get     etag: 'W/"55725f4b-10b9"',
239 silly get     age: '118',
239 silly get     connection: 'keep-alive',
239 silly get     'x-served-by': 'cache-bma7035-BMA',
239 silly get     'x-cache': 'HIT',
239 silly get     'x-cache-hits': '1',
239 silly get     'x-timer': 'S1485880187.827580,VS0,VE0',
239 silly get     vary: 'Accept-Encoding' } ]
240 verbose etag https://registry.npmjs.org/hubot-rules from cache
241 verbose get saving hubot-rules to /Users/alexander/.npm/registry.npmjs.org/hubot-rules/.cache.json
242 verbose correctMkdir /Users/alexander/.npm correctMkdir not in flight; initializing
243 http 304 https://registry.npmjs.org/hubot-shipit
244 verbose headers { date: 'Tue, 31 Jan 2017 16:29:47 GMT',
244 verbose headers   via: '1.1 varnish',
244 verbose headers   'cache-control': 'max-age=300',
244 verbose headers   etag: 'W/"5571e8f9-18fb"',
244 verbose headers   age: '116',
244 verbose headers   connection: 'keep-alive',
244 verbose headers   'x-served-by': 'cache-bma7032-BMA',
244 verbose headers   'x-cache': 'HIT',
244 verbose headers   'x-cache-hits': '1',
244 verbose headers   'x-timer': 'S1485880187.820364,VS0,VE10',
244 verbose headers   vary: 'Accept-Encoding' }
245 silly get cb [ 304,
245 silly get   { date: 'Tue, 31 Jan 2017 16:29:47 GMT',
245 silly get     via: '1.1 varnish',
245 silly get     'cache-control': 'max-age=300',
245 silly get     etag: 'W/"5571e8f9-18fb"',
245 silly get     age: '116',
245 silly get     connection: 'keep-alive',
245 silly get     'x-served-by': 'cache-bma7032-BMA',
245 silly get     'x-cache': 'HIT',
245 silly get     'x-cache-hits': '1',
245 silly get     'x-timer': 'S1485880187.820364,VS0,VE10',
245 silly get     vary: 'Accept-Encoding' } ]
246 verbose etag https://registry.npmjs.org/hubot-shipit from cache
247 verbose get saving hubot-shipit to /Users/alexander/.npm/registry.npmjs.org/hubot-shipit/.cache.json
248 verbose correctMkdir /Users/alexander/.npm correctMkdir not in flight; initializing
249 http 304 https://registry.npmjs.org/hubot-redis-brain
250 verbose headers { date: 'Tue, 31 Jan 2017 16:29:47 GMT',
250 verbose headers   via: '1.1 varnish',
250 verbose headers   'cache-control': 'max-age=300',
250 verbose headers   etag: 'W/"55724ea9-15a2"',
250 verbose headers   age: '116',
250 verbose headers   connection: 'keep-alive',
250 verbose headers   'x-served-by': 'cache-bma7032-BMA',
250 verbose headers   'x-cache': 'HIT',
250 verbose headers   'x-cache-hits': '1',
250 verbose headers   'x-timer': 'S1485880187.819713,VS0,VE10',
250 verbose headers   vary: 'Accept-Encoding' }
251 silly get cb [ 304,
251 silly get   { date: 'Tue, 31 Jan 2017 16:29:47 GMT',
251 silly get     via: '1.1 varnish',
251 silly get     'cache-control': 'max-age=300',
251 silly get     etag: 'W/"55724ea9-15a2"',
251 silly get     age: '116',
251 silly get     connection: 'keep-alive',
251 silly get     'x-served-by': 'cache-bma7032-BMA',
251 silly get     'x-cache': 'HIT',
251 silly get     'x-cache-hits': '1',
251 silly get     'x-timer': 'S1485880187.819713,VS0,VE10',
251 silly get     vary: 'Accept-Encoding' } ]
252 verbose etag https://registry.npmjs.org/hubot-redis-brain from cache
253 verbose get saving hubot-redis-brain to /Users/alexander/.npm/registry.npmjs.org/hubot-redis-brain/.cache.json
254 verbose correctMkdir /Users/alexander/.npm correctMkdir not in flight; initializing
255 silly install normalizeTree
256 silly loadCurrentTree Finishing
257 silly loadIdealTree Starting
258 silly install loadIdealTree
259 silly cloneCurrentTree Starting
260 silly install cloneCurrentTreeToIdealTree
261 silly cloneCurrentTree Finishing
262 silly loadShrinkwrap Starting
263 silly install loadShrinkwrap
264 silly loadShrinkwrap Finishing
265 silly loadAllDepsIntoIdealTree Starting
266 silly install loadAllDepsIntoIdealTree
267 silly rollbackFailedOptional Starting
268 silly rollbackFailedOptional Finishing
269 silly runTopLevelLifecycles Finishing
270 silly install printInstalled
271 verbose stack Error: Refusing to install hubot as a dependency of itself
271 verbose stack     at checkSelf (/usr/local/lib/node_modules/npm/lib/install/validate-args.js:53:14)
271 verbose stack     at Array.<anonymous> (/usr/local/lib/node_modules/npm/node_modules/slide/lib/bind-actor.js:15:8)
271 verbose stack     at LOOP (/usr/local/lib/node_modules/npm/node_modules/slide/lib/chain.js:15:14)
271 verbose stack     at chain (/usr/local/lib/node_modules/npm/node_modules/slide/lib/chain.js:20:5)
271 verbose stack     at /usr/local/lib/node_modules/npm/lib/install/validate-args.js:16:5
271 verbose stack     at /usr/local/lib/node_modules/npm/node_modules/slide/lib/async-map.js:52:35
271 verbose stack     at Array.forEach (native)
271 verbose stack     at /usr/local/lib/node_modules/npm/node_modules/slide/lib/async-map.js:52:11
271 verbose stack     at Array.forEach (native)
271 verbose stack     at asyncMap (/usr/local/lib/node_modules/npm/node_modules/slide/lib/async-map.js:51:8)
272 verbose cwd /Users/alexander/Documents/workspace/ada-hubot
273 error Darwin 15.6.0
274 error argv "/usr/local/bin/node" "/usr/local/bin/npm" "install" "hubot" "hubot-scripts" "hubot-diagnostics" "hubot-help" "hubot-heroku-keepalive" "hubot-google-images" "hubot-google-translate" "hubot-pugme" "hubot-maps" "hubot-redis-brain" "hubot-rules" "hubot-shipit" "hubot-slack" "--save"
275 error node v7.0.0
276 error npm  v3.10.8
277 error code ENOSELF
278 error Refusing to install hubot as a dependency of itself
279 error If you need help, you may report this error at:
279 error     <https://github.com/npm/npm/issues>
280 verbose exit [ 1, true ]
